app/build/outputs/logs/manifest-merger-debug-report.txt
-- Merging decision tree log ---
manifest
ADDED from src\main\AndroidManifest.xml:3:1-83:12
	package
		ADDED from src\main\AndroidManifest.xml:4:5-39
		INJECTED from src\main\AndroidManifest.xml
		INJECTED from src\main\AndroidManifest.xml
	android:versionName
		ADDED from src\main\AndroidManifest.xml:6:5-32
		INJECTED from src\main\AndroidManifest.xml
		INJECTED from src\main\AndroidManifest.xml
	android:versionCode
		ADDED from src\main\AndroidManifest.xml:5:5-28
		INJECTED from src\main\AndroidManifest.xml
		INJECTED from src\main\AndroidManifest.xml
	xmlns:android
		ADDED from src\main\AndroidManifest.xml:3:11-69
uses-sdk
ADDED from src\main\AndroidManifest.xml:8:5-10:41
	android:targetSdkVersion
		ADDED from src\main\AndroidManifest.xml:10:9-38
		INJECTED from src\main\AndroidManifest.xml
		INJECTED from src\main\AndroidManifest.xml
	android:minSdkVersion
		ADDED from src\main\AndroidManifest.xml:9:9-35
		INJECTED from src\main\AndroidManifest.xml
		INJECTED from src\main\AndroidManifest.xml
uses-permission#android.permission.WRITE_EXTERNAL_STORAGE
ADDED from src\main\AndroidManifest.xml:12:5-81
	android:name
		ADDED from src\main\AndroidManifest.xml:12:22-78
application
ADDED from src\main\AndroidManifest.xml:14:5-81:19
	android:label
		ADDED from src\main\AndroidManifest.xml:17:9-41
	android:allowBackup
		ADDED from src\main\AndroidManifest.xml:15:9-35
	android:icon
		ADDED from src\main\AndroidManifest.xml:16:9-38
	android:logo
		ADDED from src\main\AndroidManifest.xml:18:9-38
activity#org.androidsoft.coloring.ui.activity.SplashActivity
ADDED from src\main\AndroidManifest.xml:19:9-29:20
	android:screenOrientation
		ADDED from src\main\AndroidManifest.xml:23:13-50
	android:label
		ADDED from src\main\AndroidManifest.xml:21:13-45
	android:noHistory
		ADDED from src\main\AndroidManifest.xml:22:13-37
	android:name
		ADDED from src\main\AndroidManifest.xml:20:13-55
intent-filter#android.intent.action.MAIN+android.intent.category.LAUNCHER
ADDED from src\main\AndroidManifest.xml:24:13-28:29
action#android.intent.action.MAIN
ADDED from src\main\AndroidManifest.xml:25:17-69
	android:name
		ADDED from src\main\AndroidManifest.xml:25:25-66
category#android.intent.category.LAUNCHER
ADDED from src\main\AndroidManifest.xml:27:17-77
	android:name
		ADDED from src\main\AndroidManifest.xml:27:27-74
activity#org.androidsoft.coloring.ui.activity.PaintActivity
ADDED from src\main\AndroidManifest.xml:30:9-33:20
	android:screenOrientation
		ADDED from src\main\AndroidManifest.xml:32:13-50
	android:name
		ADDED from src\main\AndroidManifest.xml:31:13-54
activity#org.androidsoft.coloring.ui.activity.PaintActivity2
ADDED from src\main\AndroidManifest.xml:34:9-37:20
	android:screenOrientation
		ADDED from src\main\AndroidManifest.xml:36:13-50
	android:name
		ADDED from src\main\AndroidManifest.xml:35:13-55
activity#org.androidsoft.coloring.ui.activity.StartNewActivity
ADDED from src\main\AndroidManifest.xml:38:9-48:20
	android:screenOrientation
		ADDED from src\main\AndroidManifest.xml:40:13-50
	android:name
		ADDED from src\main\AndroidManifest.xml:39:13-57
intent-filter#android.intent.category.DEFAULT+org.androidsoft.coloring.paint.START_NEW
ADDED from src\main\AndroidManifest.xml:43:13-47:29
action#org.androidsoft.coloring.paint.START_NEW
ADDED from src\main\AndroidManifest.xml:44:17-83
	android:name
		ADDED from src\main\AndroidManifest.xml:44:25-80
category#android.intent.category.DEFAULT
ADDED from src\main\AndroidManifest.xml:46:17-76
	android:name
		ADDED from src\main\AndroidManifest.xml:46:27-73
activity#org.androidsoft.coloring.ui.activity.StartNewActivity2
ADDED from src\main\AndroidManifest.xml:49:9-59:20
	android:screenOrientation
		ADDED from src\main\AndroidManifest.xml:51:13-50
	android:name
		ADDED from src\main\AndroidManifest.xml:50:13-58
intent-filter#android.intent.category.DEFAULT+org.androidsoft.coloring.paint.START_NEW2
ADDED from src\main\AndroidManifest.xml:54:13-58:29
action#org.androidsoft.coloring.paint.START_NEW2
ADDED from src\main\AndroidManifest.xml:55:17-84
	android:name
		ADDED from src\main\AndroidManifest.xml:55:25-81
activity#org.androidsoft.coloring.ui.activity.PickColorActivity
ADDED from src\main\AndroidManifest.xml:60:9-70:20
	android:screenOrientation
		ADDED from src\main\AndroidManifest.xml:62:13-50
	android:name
		ADDED from src\main\AndroidManifest.xml:61:13-58
intent-filter#android.intent.category.DEFAULT+org.androidsoft.coloring.paint.PICK_COLOR
ADDED from src\main\AndroidManifest.xml:65:13-69:29
action#org.androidsoft.coloring.paint.PICK_COLOR
ADDED from src\main\AndroidManifest.xml:66:17-84
	android:name
		ADDED from src\main\AndroidManifest.xml:66:25-81
activity#org.androidsoft.coloring.ui.activity.CreditsActivity
ADDED from src\main\AndroidManifest.xml:71:9-80:20
	android:screenOrientation
		ADDED from src\main\AndroidManifest.xml:74:13-50
	android:hardwareAccelerated
		ADDED from src\main\AndroidManifest.xml:73:13-47
	android:name
		ADDED from src\main\AndroidManifest.xml:72:13-56
intent-filter#android.intent.category.DEFAULT+org.androidsoft.coloring.paint.ABOUT
ADDED from src\main\AndroidManifest.xml:75:13-79:29
action#org.androidsoft.coloring.paint.ABOUT
ADDED from src\main\AndroidManifest.xml:76:17-79
	android:name
		ADDED from src\main\AndroidManifest.xml:76:25-76